Traceback (most recent call last):
  File "/opt/hostedtoolcache/Python/3.8.16/x64/lib/python3.8/site-packages/jupyter_cache/executors/utils.py", line 58, in single_nb_execution
    executenb(
  File "/opt/hostedtoolcache/Python/3.8.16/x64/lib/python3.8/site-packages/nbclient/client.py", line 1204, in execute
    return NotebookClient(nb=nb, resources=resources, km=km, **kwargs).execute()
  File "/opt/hostedtoolcache/Python/3.8.16/x64/lib/python3.8/site-packages/nbclient/util.py", line 84, in wrapped
    return just_run(coro(*args, **kwargs))
  File "/opt/hostedtoolcache/Python/3.8.16/x64/lib/python3.8/site-packages/nbclient/util.py", line 62, in just_run
    return loop.run_until_complete(coro)
  File "/opt/hostedtoolcache/Python/3.8.16/x64/lib/python3.8/asyncio/base_events.py", line 616, in run_until_complete
    return future.result()
  File "/opt/hostedtoolcache/Python/3.8.16/x64/lib/python3.8/site-packages/nbclient/client.py", line 663, in async_execute
    await self.async_execute_cell(
  File "/opt/hostedtoolcache/Python/3.8.16/x64/lib/python3.8/site-packages/nbclient/client.py", line 965, in async_execute_cell
    await self._check_raise_for_error(cell, cell_index, exec_reply)
  File "/opt/hostedtoolcache/Python/3.8.16/x64/lib/python3.8/site-packages/nbclient/client.py", line 862, in _check_raise_for_error
    raise CellExecutionError.from_cell_and_msg(cell, exec_reply_content)
nbclient.exceptions.CellExecutionError: An error occurred while executing the following cell:
------------------
# Importation du module Numpy
import numpy as np

# Importation du module Pandas
import pandas as pd

# Création des tableaux Numpy à partir des listes des pays et des capitales : type string
np_pays = np.array(pays)
np_capitales = np.array(capitales)

# Liste avec les populations des pays européens : type integer
np_population = np.array([82162000, 8700471, 11289853, 7153784, 848319, 4190669, 5659715, 46438422, 1315944, 
                       5401267, 66661621, 10793526, 9830485, 4658530, 60665551, 1968957, 2888558, 576249, 
                       434403, 16979120, 37967209, 10341330, 10553853, 19759968, 5426252, 2064188, 9851017],
                       dtype = 'int64')

# Liste avec les dates d'adhésion des pays à l'UE : type datetime
np_date = np.array(['1957', '1995', '1957', '2007', '2004', '2013', '1973', '1986', '2004', '1995',
                    '1957', '1981', '2004', '1973', '1957', '2004', '2004', '1957', '2004', '1957',
                    '2004', '1986', '2004', '2007', '2004', '2004', '1995'],
                    dtype = 'datetime64[Y]')
------------------

[0;31m---------------------------------------------------------------------------[0m
[0;31mModuleNotFoundError[0m                       Traceback (most recent call last)
Cell [0;32mIn[11], line 5[0m
[1;32m      2[0m [38;5;28;01mimport[39;00m [38;5;21;01mnumpy[39;00m [38;5;28;01mas[39;00m [38;5;21;01mnp[39;00m
[1;32m      4[0m [38;5;66;03m# Importation du module Pandas[39;00m
[0;32m----> 5[0m [38;5;28;01mimport[39;00m [38;5;21;01mpandas[39;00m [38;5;28;01mas[39;00m [38;5;21;01mpd[39;00m
[1;32m      7[0m [38;5;66;03m# Création des tableaux Numpy à partir des listes des pays et des capitales : type string[39;00m
[1;32m      8[0m np_pays [38;5;241m=[39m np[38;5;241m.[39marray(pays)

[0;31mModuleNotFoundError[0m: No module named 'pandas'
ModuleNotFoundError: No module named 'pandas'

