Traceback (most recent call last):
  File "/Users/kmilo/miniconda3/lib/python3.9/site-packages/jupyter_cache/executors/utils.py", line 51, in single_nb_execution
    executenb(
  File "/Users/kmilo/miniconda3/lib/python3.9/site-packages/nbclient/client.py", line 1093, in execute
    return NotebookClient(nb=nb, resources=resources, km=km, **kwargs).execute()
  File "/Users/kmilo/miniconda3/lib/python3.9/site-packages/nbclient/util.py", line 84, in wrapped
    return just_run(coro(*args, **kwargs))
  File "/Users/kmilo/miniconda3/lib/python3.9/site-packages/nbclient/util.py", line 62, in just_run
    return loop.run_until_complete(coro)
  File "/Users/kmilo/miniconda3/lib/python3.9/asyncio/base_events.py", line 642, in run_until_complete
    return future.result()
  File "/Users/kmilo/miniconda3/lib/python3.9/site-packages/nbclient/client.py", line 559, in async_execute
    await self.async_execute_cell(
  File "/Users/kmilo/miniconda3/lib/python3.9/site-packages/nbclient/client.py", line 854, in async_execute_cell
    self._check_raise_for_error(cell, exec_reply)
  File "/Users/kmilo/miniconda3/lib/python3.9/site-packages/nbclient/client.py", line 756, in _check_raise_for_error
    raise CellExecutionError.from_cell_and_msg(cell, exec_reply_content)
nbclient.exceptions.CellExecutionError: An error occurred while executing the following cell:
------------------
import scipy as sci
import matplotlib.pyplot as plt

#Define universal gravitation constant
G = 6.67408e-11

#Reference quantities
m0 = 1.989e+30 #kg #mass of the sun
r0 = 5.326e+12 #m #distance between stars in Alpha Centauri
v0 = 30000 #m/s #relative velocity of earth around the sun
t0 = 79.91*365*24*3600*0.51 #s #orbital period of Alpha Centauri

#Net constants
k1 = G*t0*m0/(r0**2*v0)
k2 = v0*t0/r0

#Define masses
m1 = 1.1 #Alpha Centauri A
m2 = 0.907 #Alpha Centauri B

#Define initial position vectors
r1 = np.array([-0.5,0,0],dtype="float64")
r2 = np.array([0.5,0,0],dtype="float64")

#Find Centre of Mass
r_com = (m1*r1+m2*r2)/(m1+m2)

#Define initial velocities
v1 = np.array([0.01,0.01,0],dtype="float64")
v2 = np.array([-0.05,0,-0.1],dtype="float64")

#Find velocity of COM
v_com = m1*v1+m2*v2/(m1+m2)

#initial state
yinit = np.array([r1, r2, v1, v2])
yinit = yinit.flatten()

#A function defining the equations of motion
def TwoBodyEquations(w,t,G,m1,m2):
    r1 = w[:3]
    r2 = w[3:6]
    v1 = w[6:9]
    v2 = w[9:12]
    r  = sci.linalg.norm(r2-r1) #Calculate magnitude or norm of vector
    dv1dt = k1*m2*(r2-r1)/r**3
    dv2dt = k1*m1*(r1-r2)/r**3
    dr1dt = k2*v1
    dr2dt = k2*v2
    r_derivs=np.concatenate((dr1dt,dr2dt))
    derivs=np.concatenate((r_derivs,dv1dt,dv2dt))
    return derivs

#Package initial parameters
init_params=np.array([r1,r2,v1,v2]) #create array of initial params
init_params=init_params.flatten() #flatten array to make it 1D
time_span=np.linspace(0,8,500) #8 orbital periods and 500 points

#Run the ODE solver
ysol=sci.integrate.odeint(TwoBodyEquations,init_params,time_span,args=(G,m1,m2))

r1_sol = ysol[:, :3]
r2_sol = ysol[:, 3:6]
'''
#Create figure
fig=plt.figure(figsize=(15,15))
#Create 3D axes
ax=plt.gca(projection="3d")
#Plot the orbits
ax.plot(r1_sol[:,0],r1_sol[:,1],r1_sol[:,2],color="darkblue")
ax.plot(r2_sol[:,0],r2_sol[:,1],r2_sol[:,2],color="tab:red")
#Plot the final positions of the stars
ax.scatter(r1_sol[-1,0],r1_sol[-1,1],r1_sol[-1,2],color="darkblue",marker="o",s=100,label="Alpha Centauri A")
ax.scatter(r2_sol[-1,0],r2_sol[-1,1],r2_sol[-1,2],color="tab:red",marker="o",s=100,label="Alpha Centauri B")
#Add a few more bells and whistles
ax.set_xlabel("x-coordinate",fontsize=14)
ax.set_ylabel("y-coordinate",fontsize=14)
ax.set_zlabel("z-coordinate",fontsize=14)
ax.set_title("Visualization of orbits of stars in a two-body system\n",fontsize=14)
ax.legend(loc="upper left",fontsize=14)
plt.show()
'''
#Find location of COM
rcom_sol=(m1*r1_sol+m2*r2_sol)/(m1+m2)
#Find location of Alpha Centauri A w.r.t COM
r1com_sol=r1_sol-rcom_sol
#Find location of Alpha Centauri B w.r.t COM
r2com_sol=r2_sol-rcom_sol

#Create figure
fig=plt.figure(figsize=(15,15))

#Create 3D axes
ax=plt.axes(projection="3d")

#Plot the orbits
ax.plot(r1com_sol[:,0],r1com_sol[:,1],r1com_sol[:,2],color="darkblue")
ax.plot(r2com_sol[:,0],r2com_sol[:,1],r2com_sol[:,2],color="tab:red")

#Plot the final positions of the stars
ax.scatter(r1com_sol[-1,0],r1com_sol[-1,1],r1com_sol[-1,2],color="darkblue",marker="o",s=100,label="Alpha Centauri A")
ax.scatter(r2com_sol[-1,0],r2com_sol[-1,1],r2com_sol[-1,2],color="tab:red",marker="o",s=100,label="Alpha Centauri B")

#Add a few more bells and whistles
ax.set_xlabel("x-coordinate",fontsize=14)
ax.set_ylabel("y-coordinate",fontsize=14)
ax.set_zlabel("z-coordinate",fontsize=14)
ax.set_title("Visualization of orbits of stars in a two-body system\n",fontsize=14)
ax.legend(loc="upper left",fontsize=14)

plt.show()
------------------

[0;31m---------------------------------------------------------------------------[0m
[0;31mAttributeError[0m                            Traceback (most recent call last)
[0;32m/var/folders/zz/qrq62qr91b50sgmzsqb1jx2w0000gn/T/ipykernel_71513/1724076329.py[0m in [0;36m<module>[0;34m[0m
[1;32m     58[0m [0;34m[0m[0m
[1;32m     59[0m [0;31m#Run the ODE solver[0m[0;34m[0m[0;34m[0m[0;34m[0m[0m
[0;32m---> 60[0;31m [0mysol[0m[0;34m=[0m[0msci[0m[0;34m.[0m[0mintegrate[0m[0;34m.[0m[0modeint[0m[0;34m([0m[0mTwoBodyEquations[0m[0;34m,[0m[0minit_params[0m[0;34m,[0m[0mtime_span[0m[0;34m,[0m[0margs[0m[0;34m=[0m[0;34m([0m[0mG[0m[0;34m,[0m[0mm1[0m[0;34m,[0m[0mm2[0m[0;34m)[0m[0;34m)[0m[0;34m[0m[0;34m[0m[0m
[0m[1;32m     61[0m [0;34m[0m[0m
[1;32m     62[0m [0mr1_sol[0m [0;34m=[0m [0mysol[0m[0;34m[[0m[0;34m:[0m[0;34m,[0m [0;34m:[0m[0;36m3[0m[0;34m][0m[0;34m[0m[0;34m[0m[0m

[0;31mAttributeError[0m: module 'scipy' has no attribute 'integrate'
AttributeError: module 'scipy' has no attribute 'integrate'

